' \" @(#)comb_ntw.out	 3.1	 03/22/88
================================================================================
                                     S L S                                      
                                  version: 3.0                                  
                      S I M U L A T I O N   R E S U L T S                       
================================================================================
 time         | u u u u     o   o   o   o   o   o   o   o o 
 in 1e-09 sec | s s s s     i   a   n   o   n   e   e   s s 
              | _ _ _ _     n   n   a   r   o   x   x   p p 
              | i i i i     v   d   n       r   o   n   * * 
              | n n n n             d           r   o   1 2 
              | * * * *                             r   * * 
              | 1 2 3 4                                     
              | * * * *                                     
================================================================================
       100.00 | 0 0 0 1     1   0   1   0   0   0   0   1 1
       300.00 | 0 0 1 1     1   0   1   1   0   1   1   0 0
       500.00 | 0 1 0 1     1   0   1   1   0   1   1   0 0
       700.00 | 0 1 1 1     1   0   1   1   0   0   0   0 0
       900.00 | 0 0 0 0     1   0   1   0   1   0   1   1 0
      1100.00 | 0 0 1 0     1   0   1   1   0   1   0   0 0
      1300.00 | 0 1 0 0     1   0   1   1   0   1   0   1 1
      1500.00 | 0 1 1 0     1   0   1   1   0   0   1   1 1
      1700.00 | 1 0 0 0     0   0   1   1   0   1   0   0 0
      1900.00 | 1 0 0 1     0   0   1   1   0   1   1   0 0
      2100.00 | 1 0 1 1     0   0   1   1   0   0   0   1 1
      2300.00 | 1 1 0 1     0   0   1   1   0   0   0   1 1
      2500.00 | 1 1 1 1     0   1   0   1   0   1   1   0 1
      2700.00 | 1 0 1 0     0   0   1   1   0   0   1   1 1
      2900.00 | 1 1 0 0     0   0   1   1   0   0   1   1 0
      3100.00 | 1 1 1 0     0   1   1   1   0   1   0   0 0
================================================================================
  network : comb_netw                                               nodes : 14  
================================================================================
